2021-07-09T06:26:58+00:00 CRITICAL Uncaught Error: Call to undefined function keyword_header_cart() in C:\xampp\htdocs\myproject\wordpress\wp-content\themes\keyword\header.php:180
Stack trace:
#0 C:\xampp\htdocs\myproject\wordpress\wp-includes\template.php(730): require_once()
#1 C:\xampp\htdocs\myproject\wordpress\wp-includes\template.php(676): load_template('C:\\xampp\\htdocs...', true, Array)
#2 C:\xampp\htdocs\myproject\wordpress\wp-includes\general-template.php(48): locate_template(Array, true, true, Array)
#3 C:\xampp\htdocs\myproject\wordpress\wp-content\themes\keyword\index.php(1): get_header()
#4 C:\xampp\htdocs\myproject\wordpress\wp-includes\template-loader.php(106): include('C:\\xampp\\htdocs...')
#5 C:\xampp\htdocs\myproject\wordpress\wp-blog-header.php(19): require_once('C:\\xampp\\htdocs...')
#6 C:\xampp\htdocs\myproject\wordpress\index.php(17): require('C:\\xampp\\htdocs...')
#7 {main}
  thrown in C:\xampp\htdocs\myproject\wordpress\wp-content\themes\keyword\header.php on line 180

2021-07-09T06:27:02+00:00 CRITICAL Uncaught Error: Call to undefined function keyword_header_cart() in C:\xampp\htdocs\myproject\wordpress\wp-content\themes\keyword\header.php:180
Stack trace:
#0 C:\xampp\htdocs\myproject\wordpress\wp-includes\template.php(730): require_once()
#1 C:\xampp\htdocs\myproject\wordpress\wp-includes\template.php(676): load_template('C:\\xampp\\htdocs...', true, Array)
#2 C:\xampp\htdocs\myproject\wordpress\wp-includes\general-template.php(48): locate_template(Array, true, true, Array)
#3 C:\xampp\htdocs\myproject\wordpress\wp-content\themes\keyword\index.php(1): get_header()
#4 C:\xampp\htdocs\myproject\wordpress\wp-includes\template-loader.php(106): include('C:\\xampp\\htdocs...')
#5 C:\xampp\htdocs\myproject\wordpress\wp-blog-header.php(19): require_once('C:\\xampp\\htdocs...')
#6 C:\xampp\htdocs\myproject\wordpress\index.php(17): require('C:\\xampp\\htdocs...')
#7 {main}
  thrown in C:\xampp\htdocs\myproject\wordpress\wp-content\themes\keyword\header.php on line 180

2021-07-09T06:27:08+00:00 CRITICAL Uncaught Error: Call to undefined function keyword_header_cart() in C:\xampp\htdocs\myproject\wordpress\wp-content\themes\keyword\header.php:180
Stack trace:
#0 C:\xampp\htdocs\myproject\wordpress\wp-includes\template.php(730): require_once()
#1 C:\xampp\htdocs\myproject\wordpress\wp-includes\template.php(676): load_template('C:\\xampp\\htdocs...', true, Array)
#2 C:\xampp\htdocs\myproject\wordpress\wp-includes\general-template.php(48): locate_template(Array, true, true, Array)
#3 C:\xampp\htdocs\myproject\wordpress\wp-content\themes\keyword\index.php(1): get_header()
#4 C:\xampp\htdocs\myproject\wordpress\wp-includes\template-loader.php(106): include('C:\\xampp\\htdocs...')
#5 C:\xampp\htdocs\myproject\wordpress\wp-blog-header.php(19): require_once('C:\\xampp\\htdocs...')
#6 C:\xampp\htdocs\myproject\wordpress\index.php(17): require('C:\\xampp\\htdocs...')
#7 {main}
  thrown in C:\xampp\htdocs\myproject\wordpress\wp-content\themes\keyword\header.php on line 180

